0 info it worked if it ends with ok
1 verbose cli [ 'D:\\Program Files\\nodejs\\node.exe',
1 verbose cli   'C:\\Users\\liqiusheng\\AppData\\Roaming\\npm\\node_modules\\npm\\bin\\npm-cli.js',
1 verbose cli   'run',
1 verbose cli   'dev' ]
2 info using npm@3.10.9
3 info using node@v6.9.1
4 verbose run-script [ 'predev', 'dev', 'postdev' ]
5 info lifecycle ftest@0.0.1~predev: ftest@0.0.1
6 silly lifecycle ftest@0.0.1~predev: no script for predev, continuing
7 info lifecycle ftest@0.0.1~dev: ftest@0.0.1
8 verbose lifecycle ftest@0.0.1~dev: unsafe-perm in lifecycle true
9 verbose lifecycle ftest@0.0.1~dev: PATH: C:\Users\liqiusheng\AppData\Roaming\npm\node_modules\npm\bin\node-gyp-bin;E:\2017\06\VAST\MC3-Multispectral\client\node_modules\.bin;C:\Users\liqiusheng\bin;C:\Program Files\Git\mingw64\bin;C:\Program Files\Git\usr\local\bin;C:\Program Files\Git\usr\bin;C:\Program Files\Git\usr\bin;C:\Program Files\Git\mingw64\bin;C:\Program Files\Git\usr\bin;C:\Users\liqiusheng\bin;C:\ProgramData\Oracle\Java\javapath;C:\Windows\system32;C:\Windows;C:\Windows\System32\Wbem;C:\Windows\System32\WindowsPowerShell\v1.0;C:\Python27;C:\Windows\system32\config\systemprofile\.dnx\bin;C:\Program Files\Microsoft DNX\Dnvm;C:\Program Files (x86)\Windows Kits\8.1\Windows Performance Toolkit;C:\Program Files\Microsoft SQL Server\130\Tools\Binn;C:\Program Files (x86)\Common Files\i2 Shared\Geotrans;D:\Program Files\nodejs;D:\ProgramData\Anaconda2;D:\ProgramData\Anaconda2\Scripts;D:\ProgramData\Anaconda2\Library\bin;C:\Users\liqiusheng\AppData\Local\atom\bin;C:\Users\liqiusheng\AppData\Roaming\npm;C:\Program Files\Git\usr\bin\vendor_perl;C:\Program Files\Git\usr\bin\core_perl
10 verbose lifecycle ftest@0.0.1~dev: CWD: E:\2017\06\VAST\MC3-Multispectral\client
11 silly lifecycle ftest@0.0.1~dev: Args: [ '/d /s /c', 'gulp dev' ]
12 silly lifecycle ftest@0.0.1~dev: Returned: code: 1  signal: null
13 info lifecycle ftest@0.0.1~dev: Failed to exec dev script
14 verbose stack Error: ftest@0.0.1 dev: `gulp dev`
14 verbose stack Exit status 1
14 verbose stack     at EventEmitter.<anonymous> (C:\Users\liqiusheng\AppData\Roaming\npm\node_modules\npm\lib\utils\lifecycle.js:255:16)
14 verbose stack     at emitTwo (events.js:106:13)
14 verbose stack     at EventEmitter.emit (events.js:191:7)
14 verbose stack     at ChildProcess.<anonymous> (C:\Users\liqiusheng\AppData\Roaming\npm\node_modules\npm\lib\utils\spawn.js:40:14)
14 verbose stack     at emitTwo (events.js:106:13)
14 verbose stack     at ChildProcess.emit (events.js:191:7)
14 verbose stack     at maybeClose (internal/child_process.js:877:16)
14 verbose stack     at Process.ChildProcess._handle.onexit (internal/child_process.js:226:5)
15 verbose pkgid ftest@0.0.1
16 verbose cwd E:\2017\06\VAST\MC3-Multispectral\client
17 error Windows_NT 6.1.7601
18 error argv "D:\\Program Files\\nodejs\\node.exe" "C:\\Users\\liqiusheng\\AppData\\Roaming\\npm\\node_modules\\npm\\bin\\npm-cli.js" "run" "dev"
19 error node v6.9.1
20 error npm  v3.10.9
21 error code ELIFECYCLE
22 error ftest@0.0.1 dev: `gulp dev`
22 error Exit status 1
23 error Failed at the ftest@0.0.1 dev script 'gulp dev'.
23 error Make sure you have the latest version of node.js and npm installed.
23 error If you do, this is most likely a problem with the ftest package,
23 error not with npm itself.
23 error Tell the author that this fails on your system:
23 error     gulp dev
23 error You can get information on how to open an issue for this project with:
23 error     npm bugs ftest
23 error Or if that isn't available, you can get their info via:
23 error     npm owner ls ftest
23 error There is likely additional logging output above.
24 verbose exit [ 1, true ]
